GROUP,PACKAGE,CLASS,INSTRUCTION_MISSED,INSTRUCTION_COVERED,BRANCH_MISSED,BRANCH_COVERED,LINE_MISSED,LINE_COVERED,COMPLEXITY_MISSED,COMPLEXITY_COVERED,METHOD_MISSED,METHOD_COVERED
seller-service,com.emart.seller.controller,ItemController,0,117,0,10,0,34,0,11,0,6
seller-service,com.emart.seller.pojo,Result,0,36,0,0,0,14,0,9,0,9
seller-service,com.emart.seller,SellerServiceApplication,5,3,0,0,2,1,1,1,1,1
seller-service,com.emart.seller.service.impl,ItemServiceImpl,0,77,0,6,0,19,0,8,0,5
seller-service,com.emart.seller.entity,Item,0,66,0,0,0,28,0,19,0,19
